Determining if the pthread_create exist failed with the following output:
Change Dir: /home/codymdillinger/Documents/NRSL/Robotics/Gazebo_Simulator/i_robot_simulator/build/CMakeFiles/CMakeTmp

Run Build Command:"/usr/bin/make" "cmTC_b25fe/fast"
/usr/bin/make -f CMakeFiles/cmTC_b25fe.dir/build.make CMakeFiles/cmTC_b25fe.dir/build
make[1]: Entering directory '/home/codymdillinger/Documents/NRSL/Robotics/Gazebo_Simulator/i_robot_simulator/build/CMakeFiles/CMakeTmp'
Building C object CMakeFiles/cmTC_b25fe.dir/CheckSymbolExists.c.o
/usr/bin/cc     -o CMakeFiles/cmTC_b25fe.dir/CheckSymbolExists.c.o   -c /home/codymdillinger/Documents/NRSL/Robotics/Gazebo_Simulator/i_robot_simulator/build/CMakeFiles/CMakeTmp/CheckSymbolExists.c
Linking C executable cmTC_b25fe
/usr/bin/cmake -E cmake_link_script CMakeFiles/cmTC_b25fe.dir/link.txt --verbose=1
/usr/bin/cc       CMakeFiles/cmTC_b25fe.dir/CheckSymbolExists.c.o  -o cmTC_b25fe -rdynamic 
CMakeFiles/cmTC_b25fe.dir/CheckSymbolExists.c.o: In function `main':
CheckSymbolExists.c:(.text+0xa): undefined reference to `pthread_create'
collect2: error: ld returned 1 exit status
CMakeFiles/cmTC_b25fe.dir/build.make:97: recipe for target 'cmTC_b25fe' failed
make[1]: *** [cmTC_b25fe] Error 1
make[1]: Leaving directory '/home/codymdillinger/Documents/NRSL/Robotics/Gazebo_Simulator/i_robot_simulator/build/CMakeFiles/CMakeTmp'
Makefile:126: recipe for target 'cmTC_b25fe/fast' failed
make: *** [cmTC_b25fe/fast] Error 2

File /home/codymdillinger/Documents/NRSL/Robotics/Gazebo_Simulator/i_robot_simulator/build/CMakeFiles/CMakeTmp/CheckSymbolExists.c:
/* */
#include <pthread.h>

int main(int argc, char** argv)
{
  (void)argv;
#ifndef pthread_create
  return ((int*)(&pthread_create))[argc];
#else
  (void)argc;
  return 0;
#endif
}

Determining if the function pthread_create exists in the pthreads failed with the following output:
Change Dir: /home/codymdillinger/Documents/NRSL/Robotics/Gazebo_Simulator/i_robot_simulator/build/CMakeFiles/CMakeTmp

Run Build Command:"/usr/bin/make" "cmTC_583a1/fast"
/usr/bin/make -f CMakeFiles/cmTC_583a1.dir/build.make CMakeFiles/cmTC_583a1.dir/build
make[1]: Entering directory '/home/codymdillinger/Documents/NRSL/Robotics/Gazebo_Simulator/i_robot_simulator/build/CMakeFiles/CMakeTmp'
Building C object CMakeFiles/cmTC_583a1.dir/CheckFunctionExists.c.o
/usr/bin/cc    -DCHECK_FUNCTION_EXISTS=pthread_create   -o CMakeFiles/cmTC_583a1.dir/CheckFunctionExists.c.o   -c /usr/share/cmake-3.5/Modules/CheckFunctionExists.c
Linking C executable cmTC_583a1
/usr/bin/cmake -E cmake_link_script CMakeFiles/cmTC_583a1.dir/link.txt --verbose=1
/usr/bin/cc   -DCHECK_FUNCTION_EXISTS=pthread_create    CMakeFiles/cmTC_583a1.dir/CheckFunctionExists.c.o  -o cmTC_583a1 -rdynamic -lpthreads 
/usr/bin/ld: cannot find -lpthreads
collect2: error: ld returned 1 exit status
CMakeFiles/cmTC_583a1.dir/build.make:97: recipe for target 'cmTC_583a1' failed
make[1]: *** [cmTC_583a1] Error 1
make[1]: Leaving directory '/home/codymdillinger/Documents/NRSL/Robotics/Gazebo_Simulator/i_robot_simulator/build/CMakeFiles/CMakeTmp'
Makefile:126: recipe for target 'cmTC_583a1/fast' failed
make: *** [cmTC_583a1/fast] Error 2


